<?xml version="1.0" encoding="UTF-8"?>
<!-- Generated by org.testng.reporters.JUnitReportReporter -->
<testsuite hostname="RU-00785015" name="ru.st.Selenium.Login1" tests="1" failures="0" timestamp="30 Jul 2014 16:49:41 GMT" time="6.761" errors="0">
  <testcase name="testLogin1" time="6.761" classname="ru.st.Selenium.Login1"/>
</testsuite> <!-- ru.st.Selenium.Login1 -->
