<?xml version="1.0" encoding="UTF-8"?>
<!-- Generated by org.testng.reporters.JUnitReportReporter -->
<testsuite hostname="RU-00785015" name="ru.st.Selenium.Add" tests="1" failures="0" timestamp="30 Jul 2014 16:49:41 GMT" time="2.762" errors="0">
  <testcase name="testAdd" time="2.762" classname="ru.st.Selenium.Add"/>
</testsuite> <!-- ru.st.Selenium.Add -->
